This file contains any messages produced by compilers while
running configure, to aid debugging if configure makes a mistake.

It was created by cppcc configure 0.02, which was
generated by GNU Autoconf 2.69.  Invocation command line was

  $ ./configure 

## --------- ##
## Platform. ##
## --------- ##

hostname = canary
uname -m = x86_64
uname -r = 5.15.0-78-generic
uname -s = Linux
uname -v = #85~20.04.1-Ubuntu SMP Mon Jul 17 09:42:39 UTC 2023

/usr/bin/uname -p = x86_64
/bin/uname -X     = unknown

/bin/arch              = x86_64
/usr/bin/arch -k       = unknown
/usr/convex/getsysinfo = unknown
/usr/bin/hostinfo      = unknown
/bin/machine           = unknown
/usr/bin/oslevel       = unknown
/bin/universe          = unknown

PATH: /home/drkirkby/miniforge3/bin
PATH: /home/drkirkby/.local/bin
PATH: /home/drkirkby/bin
PATH: /usr/local/sbin
PATH: /usr/local/bin
PATH: /usr/sbin
PATH: /usr/bin
PATH: /sbin
PATH: /bin
PATH: /usr/games
PATH: /usr/local/games
PATH: /snap/bin
PATH: /usr/local/pycharm-community-2023.1.1/bin
PATH: /home/drkirkby/opt/openEMS/bin


## ----------- ##
## Core tests. ##
## ----------- ##

configure:2133: checking for a BSD-compatible install
configure:2201: result: /usr/bin/install -c
configure:2212: checking whether build environment is sane
configure:2267: result: yes
configure:2303: WARNING: 'missing' script is too old or missing
configure:2416: checking for a thread-safe mkdir -p
configure:2455: result: /usr/bin/mkdir -p
configure:2462: checking for gawk
configure:2478: found /usr/bin/gawk
configure:2489: result: gawk
configure:2500: checking whether make sets $(MAKE)
configure:2522: result: yes
configure:2551: checking whether make supports nested variables
configure:2568: result: yes
configure:2705: checking whether make supports the include directive
configure:2720: make -f confmf.GNU && cat confinc.out
this is the am__doit target
configure:2723: $? = 0
configure:2742: result: yes (GNU style)
configure:2812: checking for gcc
configure:2828: found /usr/bin/gcc
configure:2839: result: gcc
configure:3068: checking for C compiler version
configure:3077: gcc --version >&5
gcc (Ubuntu 8.4.0-3ubuntu2) 8.4.0
Copyright (C) 2018 Free Software Foundation, Inc.
This is free software; see the source for copying conditions.  There is NO
warranty; not even for MERCHANTABILITY or FITNESS FOR A PARTICULAR PURPOSE.

configure:3088: $? = 0
configure:3077: gcc -v >&5
Using built-in specs.
COLLECT_GCC=gcc
COLLECT_LTO_WRAPPER=/usr/lib/gcc/x86_64-linux-gnu/8/lto-wrapper
OFFLOAD_TARGET_NAMES=nvptx-none
OFFLOAD_TARGET_DEFAULT=1
Target: x86_64-linux-gnu
Configured with: ../src/configure -v --with-pkgversion='Ubuntu 8.4.0-3ubuntu2' --with-bugurl=file:///usr/share/doc/gcc-8/README.Bugs --enable-languages=c,ada,c++,go,brig,d,fortran,objc,obj-c++ --prefix=/usr --with-gcc-major-version-only --program-suffix=-8 --program-prefix=x86_64-linux-gnu- --enable-shared --enable-linker-build-id --libexecdir=/usr/lib --without-included-gettext --enable-threads=posix --libdir=/usr/lib --enable-nls --enable-bootstrap --enable-clocale=gnu --enable-libstdcxx-debug --enable-libstdcxx-time=yes --with-default-libstdcxx-abi=new --enable-gnu-unique-object --disable-vtable-verify --enable-libmpx --enable-plugin --enable-default-pie --with-system-zlib --with-target-system-zlib=auto --enable-objc-gc=auto --enable-multiarch --disable-werror --with-arch-32=i686 --with-abi=m64 --with-multilib-list=m32,m64,mx32 --enable-multilib --with-tune=generic --enable-offload-targets=nvptx-none --without-cuda-driver --enable-checking=release --build=x86_64-linux-gnu --host=x86_64-linux-gnu --target=x86_64-linux-gnu
Thread model: posix
gcc version 8.4.0 (Ubuntu 8.4.0-3ubuntu2) 
configure:3088: $? = 0
configure:3077: gcc -V >&5
gcc: error: unrecognized command line option '-V'
gcc: fatal error: no input files
compilation terminated.
configure:3088: $? = 1
configure:3077: gcc -qversion >&5
gcc: error: unrecognized command line option '-qversion'; did you mean '--version'?
gcc: fatal error: no input files
compilation terminated.
configure:3088: $? = 1
configure:3108: checking whether the C compiler works
configure:3130: gcc    conftest.c  >&5
configure:3134: $? = 0
configure:3182: result: yes
configure:3185: checking for C compiler default output file name
configure:3187: result: a.out
configure:3193: checking for suffix of executables
configure:3200: gcc -o conftest    conftest.c  >&5
configure:3204: $? = 0
configure:3226: result: 
configure:3248: checking whether we are cross compiling
configure:3256: gcc -o conftest    conftest.c  >&5
configure:3260: $? = 0
configure:3267: ./conftest
configure:3271: $? = 0
configure:3259: result: no
configure:3264: checking for suffix of object files
configure:3286: gcc -c   conftest.c >&5
configure:3290: $? = 0
configure:3311: result: o
configure:3315: checking whether we are using the GNU C compiler
configure:3334: gcc -c   conftest.c >&5
configure:3334: $? = 0
configure:3343: result: yes
configure:3352: checking whether gcc accepts -g
configure:3372: gcc -c -g  conftest.c >&5
configure:3372: $? = 0
configure:3413: result: yes
configure:3430: checking for gcc option to accept ISO C89
configure:3493: gcc  -c -g -O2  conftest.c >&5
configure:3493: $? = 0
configure:3506: result: none needed
configure:3531: checking whether gcc understands -c and -o together
configure:3553: gcc -c conftest.c -o conftest2.o
configure:3556: $? = 0
configure:3553: gcc -c conftest.c -o conftest2.o
configure:3556: $? = 0
configure:3568: result: yes
configure:3587: checking dependency style of gcc
configure:3698: result: gcc3
configure:3714: checking for library containing strerror
configure:3745: gcc -o conftest -g -O2   conftest.c  >&5
configure:3745: $? = 0
configure:3762: result: none required
configure:3778: checking for log in -lm
configure:3803: gcc -o conftest -g -O2   conftest.c -lm   >&5
conftest.c:18:6: warning: conflicting types for built-in function 'log' [-Wbuiltin-declaration-mismatch]
 char log ();
      ^~~
configure:3803: $? = 0
configure:3812: result: yes
configure:3830: checking how to run the C preprocessor
configure:3861: gcc -E  conftest.c
configure:3861: $? = 0
configure:3875: gcc -E  conftest.c
conftest.c:12:10: fatal error: ac_nonexistent.h: No such file or directory
 #include <ac_nonexistent.h>
          ^~~~~~~~~~~~~~~~~~
compilation terminated.
configure:3875: $? = 1
configure: failed program was:
| /* confdefs.h */
| #define PACKAGE_NAME "cppcc"
| #define PACKAGE_TARNAME "cppcc"
| #define PACKAGE_VERSION "0.02"
| #define PACKAGE_STRING "cppcc 0.02"
| #define PACKAGE_BUGREPORT "drkirkby@kirkbymicrowave.co.uk"
| #define PACKAGE_URL ""
| #define PACKAGE "cppcc"
| #define VERSION "0.02"
| #define HAVE_LIBM 1
| /* end confdefs.h.  */
| #include <ac_nonexistent.h>
configure:3900: result: gcc -E
configure:3920: gcc -E  conftest.c
configure:3920: $? = 0
configure:3934: gcc -E  conftest.c
conftest.c:12:10: fatal error: ac_nonexistent.h: No such file or directory
 #include <ac_nonexistent.h>
          ^~~~~~~~~~~~~~~~~~
compilation terminated.
configure:3934: $? = 1
configure: failed program was:
| /* confdefs.h */
| #define PACKAGE_NAME "cppcc"
| #define PACKAGE_TARNAME "cppcc"
| #define PACKAGE_VERSION "0.02"
| #define PACKAGE_STRING "cppcc 0.02"
| #define PACKAGE_BUGREPORT "drkirkby@kirkbymicrowave.co.uk"
| #define PACKAGE_URL ""
| #define PACKAGE "cppcc"
| #define VERSION "0.02"
| #define HAVE_LIBM 1
| /* end confdefs.h.  */
| #include <ac_nonexistent.h>
configure:3963: checking for grep that handles long lines and -e
configure:4021: result: /usr/bin/grep
configure:4026: checking for egrep
configure:4088: result: /usr/bin/grep -E
configure:4093: checking for ANSI C header files
configure:4113: gcc -c -g -O2  conftest.c >&5
configure:4113: $? = 0
configure:4186: gcc -o conftest -g -O2   conftest.c -lm  >&5
configure:4186: $? = 0
configure:4186: ./conftest
configure:4186: $? = 0
configure:4197: result: yes
configure:4210: checking for sys/types.h
configure:4210: gcc -c -g -O2  conftest.c >&5
configure:4210: $? = 0
configure:4210: result: yes
configure:4210: checking for sys/stat.h
configure:4210: gcc -c -g -O2  conftest.c >&5
configure:4210: $? = 0
configure:4210: result: yes
configure:4210: checking for stdlib.h
configure:4210: gcc -c -g -O2  conftest.c >&5
configure:4210: $? = 0
configure:4210: result: yes
configure:4210: checking for string.h
configure:4210: gcc -c -g -O2  conftest.c >&5
configure:4210: $? = 0
configure:4210: result: yes
configure:4210: checking for memory.h
configure:4210: gcc -c -g -O2  conftest.c >&5
configure:4210: $? = 0
configure:4210: result: yes
configure:4210: checking for strings.h
configure:4210: gcc -c -g -O2  conftest.c >&5
configure:4210: $? = 0
configure:4210: result: yes
configure:4210: checking for inttypes.h
configure:4210: gcc -c -g -O2  conftest.c >&5
configure:4210: $? = 0
configure:4210: result: yes
configure:4210: checking for stdint.h
configure:4210: gcc -c -g -O2  conftest.c >&5
configure:4210: $? = 0
configure:4210: result: yes
configure:4210: checking for unistd.h
configure:4210: gcc -c -g -O2  conftest.c >&5
configure:4210: $? = 0
configure:4210: result: yes
configure:4225: checking stdio.h usability
configure:4225: gcc -c -g -O2  conftest.c >&5
configure:4225: $? = 0
configure:4225: result: yes
configure:4225: checking stdio.h presence
configure:4225: gcc -E  conftest.c
configure:4225: $? = 0
configure:4225: result: yes
configure:4225: checking for stdio.h
configure:4225: result: yes
configure:4225: checking math.h usability
configure:4225: gcc -c -g -O2  conftest.c >&5
configure:4225: $? = 0
configure:4225: result: yes
configure:4225: checking math.h presence
configure:4225: gcc -E  conftest.c
configure:4225: $? = 0
configure:4225: result: yes
configure:4225: checking for math.h
configure:4225: result: yes
configure:4225: checking malloc.h usability
configure:4225: gcc -c -g -O2  conftest.c >&5
configure:4225: $? = 0
configure:4225: result: yes
configure:4225: checking malloc.h presence
configure:4225: gcc -E  conftest.c
configure:4225: $? = 0
configure:4225: result: yes
configure:4225: checking for malloc.h
configure:4225: result: yes
configure:4225: checking for stdlib.h
configure:4225: result: yes
configure:4225: checking for string.h
configure:4225: result: yes
configure:4225: checking time.h usability
configure:4225: gcc -c -g -O2  conftest.c >&5
configure:4225: $? = 0
configure:4225: result: yes
configure:4225: checking time.h presence
configure:4225: gcc -E  conftest.c
configure:4225: $? = 0
configure:4225: result: yes
configure:4225: checking for time.h
configure:4225: result: yes
configure:4225: checking limits.h usability
configure:4225: gcc -c -g -O2  conftest.c >&5
configure:4225: $? = 0
configure:4225: result: yes
configure:4225: checking limits.h presence
configure:4225: gcc -E  conftest.c
configure:4225: $? = 0
configure:4225: result: yes
configure:4225: checking for limits.h
configure:4225: result: yes
configure:4360: checking that generated files are newer than configure
configure:4366: result: done
configure:4389: creating ./config.status

## ---------------------- ##
## Running config.status. ##
## ---------------------- ##

This file was extended by cppcc config.status 0.02, which was
generated by GNU Autoconf 2.69.  Invocation command line was

  CONFIG_FILES    = 
  CONFIG_HEADERS  = 
  CONFIG_LINKS    = 
  CONFIG_COMMANDS = 
  $ ./config.status 

on canary

config.status:860: creating Makefile
config.status:860: creating src/Makefile
config.status:860: creating config.h
config.status:1089: executing depfiles commands
config.status:1166: cd src       && sed -e '/# am--include-marker/d' Makefile         | make -f - am--depfiles
make: Nothing to be done for 'am--depfiles'.
config.status:1171: $? = 0

## ---------------- ##
## Cache variables. ##
## ---------------- ##

ac_cv_c_compiler_gnu=yes
ac_cv_env_CC_set=
ac_cv_env_CC_value=
ac_cv_env_CFLAGS_set=
ac_cv_env_CFLAGS_value=
ac_cv_env_CPPFLAGS_set=
ac_cv_env_CPPFLAGS_value=
ac_cv_env_CPP_set=
ac_cv_env_CPP_value=
ac_cv_env_LDFLAGS_set=
ac_cv_env_LDFLAGS_value=
ac_cv_env_LIBS_set=
ac_cv_env_LIBS_value=
ac_cv_env_build_alias_set=
ac_cv_env_build_alias_value=
ac_cv_env_host_alias_set=
ac_cv_env_host_alias_value=
ac_cv_env_target_alias_set=
ac_cv_env_target_alias_value=
ac_cv_header_inttypes_h=yes
ac_cv_header_limits_h=yes
ac_cv_header_malloc_h=yes
ac_cv_header_math_h=yes
ac_cv_header_memory_h=yes
ac_cv_header_stdc=yes
ac_cv_header_stdint_h=yes
ac_cv_header_stdio_h=yes
ac_cv_header_stdlib_h=yes
ac_cv_header_string_h=yes
ac_cv_header_strings_h=yes
ac_cv_header_sys_stat_h=yes
ac_cv_header_sys_types_h=yes
ac_cv_header_time_h=yes
ac_cv_header_unistd_h=yes
ac_cv_lib_m_log=yes
ac_cv_objext=o
ac_cv_path_EGREP='/usr/bin/grep -E'
ac_cv_path_GREP=/usr/bin/grep
ac_cv_path_install='/usr/bin/install -c'
ac_cv_path_mkdir=/usr/bin/mkdir
ac_cv_prog_AWK=gawk
ac_cv_prog_CPP='gcc -E'
ac_cv_prog_ac_ct_CC=gcc
ac_cv_prog_cc_c89=
ac_cv_prog_cc_g=yes
ac_cv_prog_make_make_set=yes
ac_cv_search_strerror='none required'
am_cv_CC_dependencies_compiler_type=gcc3
am_cv_make_support_nested_variables=yes
am_cv_prog_cc_c_o=yes

## ----------------- ##
## Output variables. ##
## ----------------- ##

ACLOCAL='aclocal-1.16'
AMDEPBACKSLASH='\'
AMDEP_FALSE='#'
AMDEP_TRUE=''
AMTAR='$${TAR-tar}'
AM_BACKSLASH='\'
AM_DEFAULT_V='$(AM_DEFAULT_VERBOSITY)'
AM_DEFAULT_VERBOSITY='1'
AM_V='$(V)'
AUTOCONF='autoconf'
AUTOHEADER='autoheader'
AUTOMAKE='automake-1.16'
AWK='gawk'
CC='gcc'
CCDEPMODE='depmode=gcc3'
CFLAGS='-g -O2 -Wall'
CPP='gcc -E'
CPPFLAGS=''
CYGPATH_W='echo'
DEFS='-DHAVE_CONFIG_H'
DEPDIR='.deps'
ECHO_C=''
ECHO_N='-n'
ECHO_T=''
EGREP='/usr/bin/grep -E'
EXEEXT=''
GREP='/usr/bin/grep'
INSTALL_DATA='${INSTALL} -m 644'
INSTALL_PROGRAM='${INSTALL}'
INSTALL_SCRIPT='${INSTALL}'
INSTALL_STRIP_PROGRAM='$(install_sh) -c -s'
LDFLAGS=''
LIBOBJS=''
LIBS='-lm '
LTLIBOBJS=''
MAKEINFO='makeinfo'
MKDIR_P='/usr/bin/mkdir -p'
OBJEXT='o'
PACKAGE='cppcc'
PACKAGE_BUGREPORT='drkirkby@kirkbymicrowave.co.uk'
PACKAGE_NAME='cppcc'
PACKAGE_STRING='cppcc 0.02'
PACKAGE_TARNAME='cppcc'
PACKAGE_URL=''
PACKAGE_VERSION='0.02'
PATH_SEPARATOR=':'
SET_MAKE=''
SHELL='/bin/bash'
STRIP=''
VERSION='0.02'
ac_ct_CC='gcc'
am__EXEEXT_FALSE=''
am__EXEEXT_TRUE='#'
am__fastdepCC_FALSE='#'
am__fastdepCC_TRUE=''
am__include='include'
am__isrc=''
am__leading_dot='.'
am__nodep='_no'
am__quote=''
am__tar='$${TAR-tar} chof - "$$tardir"'
am__untar='$${TAR-tar} xf -'
bindir='${exec_prefix}/bin'
build_alias=''
compiled_with_cflags='-g -O2 -Wall'
compiled_with_compiler='gcc'
datadir='${datarootdir}'
datarootdir='${prefix}/share'
docdir='${datarootdir}/doc/${PACKAGE_TARNAME}'
dvidir='${docdir}'
exec_prefix='${prefix}'
host_alias=''
htmldir='${docdir}'
includedir='${prefix}/include'
infodir='${datarootdir}/info'
install_sh='${SHELL} /home/drkirkby/cppcc/install-sh'
libdir='${exec_prefix}/lib'
libexecdir='${exec_prefix}/libexec'
localedir='${datarootdir}/locale'
localstatedir='${prefix}/var'
mandir='${datarootdir}/man'
mkdir_p='$(MKDIR_P)'
oldincludedir='/usr/include'
pdfdir='${docdir}'
prefix='/usr/local'
program_transform_name='s,x,x,'
psdir='${docdir}'
runstatedir='${localstatedir}/run'
sbindir='${exec_prefix}/sbin'
sharedstatedir='${prefix}/com'
sysconfdir='${prefix}/etc'
target_alias=''

## ----------- ##
## confdefs.h. ##
## ----------- ##

/* confdefs.h */
#define PACKAGE_NAME "cppcc"
#define PACKAGE_TARNAME "cppcc"
#define PACKAGE_VERSION "0.02"
#define PACKAGE_STRING "cppcc 0.02"
#define PACKAGE_BUGREPORT "drkirkby@kirkbymicrowave.co.uk"
#define PACKAGE_URL ""
#define PACKAGE "cppcc"
#define VERSION "0.02"
#define HAVE_LIBM 1
#define STDC_HEADERS 1
#define HAVE_SYS_TYPES_H 1
#define HAVE_SYS_STAT_H 1
#define HAVE_STDLIB_H 1
#define HAVE_STRING_H 1
#define HAVE_MEMORY_H 1
#define HAVE_STRINGS_H 1
#define HAVE_INTTYPES_H 1
#define HAVE_STDINT_H 1
#define HAVE_UNISTD_H 1
#define HAVE_STDIO_H 1
#define HAVE_MATH_H 1
#define HAVE_MALLOC_H 1
#define HAVE_STDLIB_H 1
#define HAVE_STRING_H 1
#define HAVE_TIME_H 1
#define HAVE_LIMITS_H 1

configure: exit 0

## ---------------------- ##
## Running config.status. ##
## ---------------------- ##

This file was extended by cppcc config.status 0.02, which was
generated by GNU Autoconf 2.69.  Invocation command line was

  CONFIG_FILES    = 
  CONFIG_HEADERS  = 
  CONFIG_LINKS    = 
  CONFIG_COMMANDS = 
  $ ./config.status config.h

on canary

config.status:860: creating config.h
config.status:1041: config.h is unchanged
